<?xml version="1.0" encoding="UTF-8"?>
<!-- Generated by org.testng.reporters.JUnitReportReporter -->
<testsuite hostname="LAPTOP-9RPI8IRQ" failures="0" tests="1" name="Automation.SeleniumAutomation.LambdaTestScenario1" time="27.515" errors="0" timestamp="2025-01-27T15:30:17 EST" skipped="0">
  <testcase classname="Automation.SeleniumAutomation.LambdaTestScenario1" name="scenario1" time="27.515"/>
  <system-out/>
</testsuite> <!-- Automation.SeleniumAutomation.LambdaTestScenario1 -->
