<?xml version="1.0" encoding="UTF-8"?>
<!-- Generated by org.testng.reporters.JUnitReportReporter -->
<testsuite hostname="LAPTOP-9RPI8IRQ" failures="0" tests="1" name="Automation.SeleniumAutomation.LambdaTestSelenium2" time="4.573" errors="0" timestamp="2025-01-25T17:32:15 EST" skipped="0">
  <testcase classname="Automation.SeleniumAutomation.LambdaTestSelenium2" name="scenario2" time="4.573"/>
  <system-out/>
</testsuite> <!-- Automation.SeleniumAutomation.LambdaTestSelenium2 -->
