<?xml version="1.0" encoding="UTF-8"?>
<!-- Generated by org.testng.reporters.JUnitReportReporter -->
<testsuite hostname="LAPTOP-9RPI8IRQ" failures="0" tests="1" name="Automation.SeleniumAutomation.LambdaTestSelenium" time="2.691" errors="0" timestamp="2025-01-25T17:28:04 EST" skipped="0">
  <testcase classname="Automation.SeleniumAutomation.LambdaTestSelenium" name="scenario1" time="2.691"/>
  <system-out/>
</testsuite> <!-- Automation.SeleniumAutomation.LambdaTestSelenium -->
