<?xml version="1.0" encoding="UTF-8"?>
<!-- Generated by org.testng.reporters.JUnitReportReporter -->
<testsuite hostname="LAPTOP-9RPI8IRQ" failures="0" tests="1" name="Automation.SeleniumAutomation.LambdaTestSeleniumScenario2" time="7.512" errors="0" timestamp="2025-01-27T15:38:58 EST" skipped="0">
  <testcase classname="Automation.SeleniumAutomation.LambdaTestSeleniumScenario2" name="scenario2" time="7.512"/>
  <system-out/>
</testsuite> <!-- Automation.SeleniumAutomation.LambdaTestSeleniumScenario2 -->
