<?xml version="1.0" encoding="UTF-8"?>
<!-- Generated by org.testng.reporters.JUnitReportReporter -->
<testsuite hostname="LAPTOP-9RPI8IRQ" failures="0" tests="1" name="Automation.SeleniumAutomation.LambdaTestSeleniumScenarioLambdaTest" time="24.140" errors="0" timestamp="2025-01-26T19:43:39 EST" skipped="0">
  <testcase classname="Automation.SeleniumAutomation.LambdaTestSeleniumScenarioLambdaTest" name="scenario3" time="24.140"/>
  <system-out/>
</testsuite> <!-- Automation.SeleniumAutomation.LambdaTestSeleniumScenarioLambdaTest -->
