<?xml version="1.0" encoding="UTF-8"?>
<!-- Generated by org.testng.reporters.JUnitReportReporter -->
<testsuite hostname="LAPTOP-9RPI8IRQ" failures="0" tests="1" name="Automation.SeleniumAutomation.LambdaTestScenario2" time="15.174" errors="0" timestamp="2025-01-27T15:34:18 EST" skipped="0">
  <testcase classname="Automation.SeleniumAutomation.LambdaTestScenario2" name="scenario2" time="15.174"/>
  <system-out/>
</testsuite> <!-- Automation.SeleniumAutomation.LambdaTestScenario2 -->
