<?xml version="1.0" encoding="UTF-8"?>
<!-- Generated by org.testng.reporters.JUnitReportReporter -->
<testsuite hostname="LAPTOP-9RPI8IRQ" failures="0" tests="1" name="Automation.SeleniumAutomation.LambdaTestSeleniumScenario1" time="6.192" errors="0" timestamp="2025-01-26T12:28:41 EST" skipped="0">
  <testcase classname="Automation.SeleniumAutomation.LambdaTestSeleniumScenario1" name="scenario1" time="6.192"/>
  <system-out/>
</testsuite> <!-- Automation.SeleniumAutomation.LambdaTestSeleniumScenario1 -->
